<?xml version="1.0" encoding="UTF-8"?>
<!-- Generated by org.testng.reporters.JUnitReportReporter -->
<testsuite hostname="Rajesh-PC" name="Scenarios.SC_Four" tests="1" failures="0" timestamp="31 Jul 2020 08:38:09 GMT" time="13.512" errors="0">
  <testcase name="LoginPageFailure" time="13.512" classname="Scenarios.SC_Four"/>
</testsuite> <!-- Scenarios.SC_Four -->
