<?xml version="1.0" encoding="UTF-8"?>
<!-- Generated by org.testng.reporters.JUnitReportReporter -->
<testsuite hostname="Rajesh-PC" name="Scenarios.Scenario3" tests="1" failures="0" timestamp="31 Jul 2020 09:49:12 GMT" time="20.548" errors="0">
  <testcase name="ViewMoreAndAddToCart" time="20.548" classname="Scenarios.Scenario3"/>
</testsuite> <!-- Scenarios.Scenario3 -->
