<?xml version="1.0" encoding="UTF-8"?>
<!-- Generated by org.testng.reporters.JUnitReportReporter -->
<testsuite hostname="Rajesh-PC" name="Scenarios.Scenario2" tests="1" failures="0" timestamp="31 Jul 2020 09:49:12 GMT" time="16.979" errors="0">
  <testcase name="AddProductToCart" time="16.979" classname="Scenarios.Scenario2"/>
</testsuite> <!-- Scenarios.Scenario2 -->
