<?xml version="1.0" encoding="UTF-8"?>
<!-- Generated by org.testng.reporters.JUnitReportReporter -->
<testsuite hostname="Rajesh-PC" name="BusinessFunctions.ReusableMethods" tests="2" failures="0" timestamp="28 Jul 2020 12:47:49 GMT" time="11.923" errors="0">
  <testcase name="LaunchURL" time="8.498" classname="BusinessFunctions.ReusableMethods"/>
  <testcase name="HandleBrowserExtensions" time="3.425" classname="BusinessFunctions.ReusableMethods"/>
</testsuite> <!-- BusinessFunctions.ReusableMethods -->
