<?xml version="1.0" encoding="UTF-8"?>
<!-- Generated by org.testng.reporters.JUnitReportReporter -->
<testsuite hostname="Rajesh-PC" name="Scenarios.SC_One" tests="1" failures="0" timestamp="31 Jul 2020 08:38:09 GMT" time="11.881" errors="0">
  <testcase name="SearchProduct" time="11.881" classname="Scenarios.SC_One"/>
</testsuite> <!-- Scenarios.SC_One -->
