<?xml version="1.0" encoding="UTF-8"?>
<!-- Generated by org.testng.reporters.JUnitReportReporter -->
<testsuite hostname="Rajesh-PC" name="Scenarios.Scenario1" tests="1" failures="0" timestamp="31 Jul 2020 09:49:12 GMT" time="12.920" errors="0">
  <testcase name="SearchProduct" time="12.920" classname="Scenarios.Scenario1"/>
</testsuite> <!-- Scenarios.Scenario1 -->
