<?xml version="1.0" encoding="UTF-8"?>
<!-- Generated by org.testng.reporters.JUnitReportReporter -->
<testsuite hostname="Rajesh-PC" name="Scenarios.SC_Three" tests="1" failures="0" timestamp="31 Jul 2020 08:38:09 GMT" time="19.369" errors="0">
  <testcase name="ViewMoreAndAddToCart" time="19.369" classname="Scenarios.SC_Three"/>
</testsuite> <!-- Scenarios.SC_Three -->
