<?xml version="1.0" encoding="UTF-8"?>
<!-- Generated by org.testng.reporters.JUnitReportReporter -->
<testsuite hostname="Rajesh-PC" name="Scenarios.SC_Two" tests="1" failures="0" timestamp="31 Jul 2020 08:13:32 GMT" time="25.428" errors="0">
  <testcase name="AddProductToCart" time="25.428" classname="Scenarios.SC_Two"/>
</testsuite> <!-- Scenarios.SC_Two -->
